2024-08-18 17:14:05 [RMI TCP Connection(10)-127.0.0.1] INFO  o.s.b.a.SpringApplicationAdminMXBeanRegistrar$SpringApplicationAdmin --> Application shutdown requested.
2024-08-18 17:14:30 [restartedMain] INFO  c.s.s.SpringbootApplication --> Starting SpringbootApplication using Java 17 with PID 4340 (C:\Users\arbaz\Downloads\springboot\springboot\target\classes started by arbaz in C:\Users\arbaz\Downloads\springboot\springboot)
2024-08-18 17:14:30 [restartedMain] INFO  c.s.s.SpringbootApplication --> The following 1 profile is active: "dev"
2024-08-18 17:14:30 [restartedMain] INFO  o.s.b.d.e.DevToolsPropertyDefaultsPostProcessor --> Devtools property defaults active! Set 'spring.devtools.add-properties' to 'false' to disable
2024-08-18 17:14:30 [restartedMain] INFO  o.s.b.d.e.DevToolsPropertyDefaultsPostProcessor --> For additional web related logging consider setting the 'logging.level.web' property to 'DEBUG'
2024-08-18 17:14:34 [restartedMain] INFO  o.s.d.r.c.RepositoryConfigurationDelegate --> Bootstrapping Spring Data MongoDB repositories in DEFAULT mode.
2024-08-18 17:14:35 [restartedMain] INFO  o.s.d.r.c.RepositoryConfigurationDelegate --> Finished Spring Data repository scanning in 361 ms. Found 2 MongoDB repository interfaces.
2024-08-18 17:14:38 [restartedMain] INFO  o.s.b.w.e.t.TomcatWebServer --> Tomcat initialized with port 8080 (http)
2024-08-18 17:14:39 [restartedMain] INFO  o.a.c.core.StandardService --> Starting service [Tomcat]
2024-08-18 17:14:39 [restartedMain] INFO  o.a.c.core.StandardEngine --> Starting Servlet engine: [Apache Tomcat/10.1.26]
2024-08-18 17:14:40 [restartedMain] INFO  o.a.jasper.servlet.TldScanner --> At least one JAR was scanned for TLDs yet contained no TLDs. Enable debug logging for this logger for a complete list of JARs that were scanned but no TLDs were found in them. Skipping unneeded JARs during scanning can improve startup time and JSP compilation time.
2024-08-18 17:14:40 [restartedMain] INFO  o.a.c.c.C.[.[localhost].[/] --> Initializing Spring embedded WebApplicationContext
2024-08-18 17:14:40 [restartedMain] INFO  o.s.b.w.s.c.ServletWebServerApplicationContext --> Root WebApplicationContext: initialization completed in 9707 ms
2024-08-18 17:14:41 [restartedMain] INFO  org.mongodb.driver.client --> MongoClient with metadata {"driver": {"name": "mongo-java-driver|sync|spring-boot", "version": "5.0.1"}, "os": {"type": "Windows", "name": "Windows 10", "architecture": "amd64", "version": "10.0"}, "platform": "Java/Oracle Corporation/17+35-LTS-2724"} created with settings MongoClientSettings{readPreference=primary, writeConcern=WriteConcern{w=null, wTimeout=null ms, journal=null}, retryWrites=true, retryReads=true, readConcern=ReadConcern{level=null}, credential=null, transportSettings=null, commandListeners=[], codecRegistry=ProvidersCodecRegistry{codecProviders=[ValueCodecProvider{}, BsonValueCodecProvider{}, DBRefCodecProvider{}, DBObjectCodecProvider{}, DocumentCodecProvider{}, CollectionCodecProvider{}, IterableCodecProvider{}, MapCodecProvider{}, GeoJsonCodecProvider{}, GridFSFileCodecProvider{}, Jsr310CodecProvider{}, JsonObjectCodecProvider{}, BsonCodecProvider{}, EnumCodecProvider{}, com.mongodb.client.model.mql.ExpressionCodecProvider@2580c61a, com.mongodb.Jep395RecordCodecProvider@c0e5b8f, com.mongodb.KotlinCodecProvider@3d3d3b91]}, loggerSettings=LoggerSettings{maxDocumentLength=1000}, clusterSettings={hosts=[localhost:27017], srvServiceName=mongodb, mode=SINGLE, requiredClusterType=UNKNOWN, requiredReplicaSetName='null', serverSelector='null', clusterListeners='[]', serverSelectionTimeout='30000 ms', localThreshold='15 ms'}, socketSettings=SocketSettings{connectTimeoutMS=10000, readTimeoutMS=0, receiveBufferSize=0, proxySettings=ProxySettings{host=null, port=null, username=null, password=null}}, heartbeatSocketSettings=SocketSettings{connectTimeoutMS=10000, readTimeoutMS=10000, receiveBufferSize=0, proxySettings=ProxySettings{host=null, port=null, username=null, password=null}}, connectionPoolSettings=ConnectionPoolSettings{maxSize=100, minSize=0, maxWaitTimeMS=120000, maxConnectionLifeTimeMS=0, maxConnectionIdleTimeMS=0, maintenanceInitialDelayMS=0, maintenanceFrequencyMS=60000, connectionPoolListeners=[], maxConnecting=2}, serverSettings=ServerSettings{heartbeatFrequencyMS=10000, minHeartbeatFrequencyMS=500, serverListeners='[]', serverMonitorListeners='[]'}, sslSettings=SslSettings{enabled=false, invalidHostNameAllowed=false, context=null}, applicationName='null', compressorList=[], uuidRepresentation=JAVA_LEGACY, serverApi=null, autoEncryptionSettings=null, dnsClient=null, inetAddressResolver=null, contextProvider=null}
2024-08-18 17:14:42 [cluster-ClusterId{value='66c1dea9ff5c1920ae667d39', description='null'}-localhost:27017] INFO  org.mongodb.driver.cluster --> Monitor thread successfully connected to server with description ServerDescription{address=localhost:27017, type=STANDALONE, state=CONNECTED, ok=true, minWireVersion=0, maxWireVersion=21, maxDocumentSize=16777216, logicalSessionTimeoutMinutes=30, roundTripTimeNanos=170099600}
2024-08-18 17:14:43 [restartedMain] INFO  o.s.b.d.a.OptionalLiveReloadServer --> LiveReload server is running on port 35729
2024-08-18 17:14:44 [restartedMain] WARN  c.s.s.s.LifeCycleMethodsDemonstration --> This is a warnng ony........
2024-08-18 17:14:46 [restartedMain] INFO  o.s.b.w.e.t.TomcatWebServer --> Tomcat started on port 8080 (http) with context path '/'
2024-08-18 17:14:47 [restartedMain] INFO  c.s.s.SpringbootApplication --> Started SpringbootApplication in 19.54 seconds (process running for 24.365)
2024-08-18 17:15:26 [RMI TCP Connection(8)-127.0.0.1] INFO  o.s.b.a.SpringApplicationAdminMXBeanRegistrar$SpringApplicationAdmin --> Application shutdown requested.
